[0.141s] DEBUG:colcon:Command line arguments: ['/usr/bin/colcon', 'build']
[0.141s] DEBUG:colcon:Parsed command line arguments: Namespace(log_base=None, log_level=None, verb_name='build', build_base='build', install_base='install', merge_install=False, symlink_install=False, test_result_base=None, continue_on_error=False, executor='parallel', parallel_workers=16, event_handlers=None, ignore_user_meta=False, metas=['./colcon.meta'], base_paths=['.'], packages_ignore=None, packages_ignore_regex=None, paths=None, packages_up_to=None, packages_up_to_regex=None, packages_above=None, packages_above_and_dependencies=None, packages_above_depth=None, packages_select_by_dep=None, packages_skip_by_dep=None, packages_skip_up_to=None, packages_select_build_failed=False, packages_skip_build_finished=False, packages_select_test_failures=False, packages_skip_test_passed=False, packages_select=None, packages_skip=None, packages_select_regex=None, packages_skip_regex=None, packages_start=None, packages_end=None, allow_overriding=[], cmake_args=None, cmake_target=None, cmake_target_skip_unavailable=False, cmake_clean_cache=False, cmake_clean_first=False, cmake_force_configure=False, ament_cmake_args=None, catkin_cmake_args=None, catkin_skip_building_tests=False, verb_parser=<colcon_defaults.argument_parser.defaults.DefaultArgumentsDecorator object at 0x7a781e4d3040>, verb_extension=<colcon_core.verb.build.BuildVerb object at 0x7a781e4d2b30>, main=<bound method BuildVerb.main of <colcon_core.verb.build.BuildVerb object at 0x7a781e4d2b30>>)
[0.355s] Level 1:colcon.colcon_core.package_discovery:discover_packages(colcon_meta) check parameters
[0.355s] Level 1:colcon.colcon_core.package_discovery:discover_packages(recursive) check parameters
[0.355s] Level 1:colcon.colcon_core.package_discovery:discover_packages(ignore) check parameters
[0.355s] Level 1:colcon.colcon_core.package_discovery:discover_packages(path) check parameters
[0.355s] Level 1:colcon.colcon_core.package_discovery:discover_packages(colcon_meta) discover
[0.355s] Level 1:colcon.colcon_core.package_discovery:discover_packages(recursive) discover
[0.355s] INFO:colcon.colcon_core.package_discovery:Crawling recursively for packages in '/home/zahran/GitHub/CaRSC26_13624029_THT/ros2_ws'
[0.355s] Level 1:colcon.colcon_core.package_identification:_identify(.) by extensions ['ignore', 'ignore_ament_install']
[0.356s] Level 1:colcon.colcon_core.package_identification:_identify(.) by extension 'ignore'
[0.356s] Level 1:colcon.colcon_core.package_identification:_identify(.) by extension 'ignore_ament_install'
[0.356s] Level 1:colcon.colcon_core.package_identification:_identify(.) by extensions ['colcon_pkg']
[0.356s] Level 1:colcon.colcon_core.package_identification:_identify(.) by extension 'colcon_pkg'
[0.356s] Level 1:colcon.colcon_core.package_identification:_identify(.) by extensions ['colcon_meta']
[0.356s] Level 1:colcon.colcon_core.package_identification:_identify(.) by extension 'colcon_meta'
[0.356s] Level 1:colcon.colcon_core.package_identification:_identify(.) by extensions ['ros']
[0.356s] Level 1:colcon.colcon_core.package_identification:_identify(.) by extension 'ros'
[0.367s] Level 1:colcon.colcon_core.package_identification:_identify(.) by extensions ['cmake', 'python']
[0.367s] Level 1:colcon.colcon_core.package_identification:_identify(.) by extension 'cmake'
[0.367s] Level 1:colcon.colcon_core.package_identification:_identify(.) by extension 'python'
[0.367s] Level 1:colcon.colcon_core.package_identification:_identify(.) by extensions ['python_setup_py']
[0.367s] Level 1:colcon.colcon_core.package_identification:_identify(.) by extension 'python_setup_py'
[0.367s] Level 1:colcon.colcon_core.package_identification:_identify(build) by extensions ['ignore', 'ignore_ament_install']
[0.367s] Level 1:colcon.colcon_core.package_identification:_identify(build) by extension 'ignore'
[0.368s] Level 1:colcon.colcon_core.package_identification:_identify(build) ignored
[0.368s] Level 1:colcon.colcon_core.package_identification:_identify(install) by extensions ['ignore', 'ignore_ament_install']
[0.368s] Level 1:colcon.colcon_core.package_identification:_identify(install) by extension 'ignore'
[0.368s] Level 1:colcon.colcon_core.package_identification:_identify(install) ignored
[0.368s] Level 1:colcon.colcon_core.package_identification:_identify(log) by extensions ['ignore', 'ignore_ament_install']
[0.368s] Level 1:colcon.colcon_core.package_identification:_identify(log) by extension 'ignore'
[0.368s] Level 1:colcon.colcon_core.package_identification:_identify(log) ignored
[0.368s] Level 1:colcon.colcon_core.package_identification:_identify(src) by extensions ['ignore', 'ignore_ament_install']
[0.368s] Level 1:colcon.colcon_core.package_identification:_identify(src) by extension 'ignore'
[0.368s] Level 1:colcon.colcon_core.package_identification:_identify(src) by extension 'ignore_ament_install'
[0.368s] Level 1:colcon.colcon_core.package_identification:_identify(src) by extensions ['colcon_pkg']
[0.368s] Level 1:colcon.colcon_core.package_identification:_identify(src) by extension 'colcon_pkg'
[0.368s] Level 1:colcon.colcon_core.package_identification:_identify(src) by extensions ['colcon_meta']
[0.368s] Level 1:colcon.colcon_core.package_identification:_identify(src) by extension 'colcon_meta'
[0.368s] Level 1:colcon.colcon_core.package_identification:_identify(src) by extensions ['ros']
[0.368s] Level 1:colcon.colcon_core.package_identification:_identify(src) by extension 'ros'
[0.368s] Level 1:colcon.colcon_core.package_identification:_identify(src) by extensions ['cmake', 'python']
[0.368s] Level 1:colcon.colcon_core.package_identification:_identify(src) by extension 'cmake'
[0.368s] Level 1:colcon.colcon_core.package_identification:_identify(src) by extension 'python'
[0.368s] Level 1:colcon.colcon_core.package_identification:_identify(src) by extensions ['python_setup_py']
[0.368s] Level 1:colcon.colcon_core.package_identification:_identify(src) by extension 'python_setup_py'
[0.368s] Level 1:colcon.colcon_core.package_identification:_identify(src/yapping) by extensions ['ignore', 'ignore_ament_install']
[0.368s] Level 1:colcon.colcon_core.package_identification:_identify(src/yapping) by extension 'ignore'
[0.368s] Level 1:colcon.colcon_core.package_identification:_identify(src/yapping) by extension 'ignore_ament_install'
[0.368s] Level 1:colcon.colcon_core.package_identification:_identify(src/yapping) by extensions ['colcon_pkg']
[0.368s] Level 1:colcon.colcon_core.package_identification:_identify(src/yapping) by extension 'colcon_pkg'
[0.368s] Level 1:colcon.colcon_core.package_identification:_identify(src/yapping) by extensions ['colcon_meta']
[0.368s] Level 1:colcon.colcon_core.package_identification:_identify(src/yapping) by extension 'colcon_meta'
[0.368s] Level 1:colcon.colcon_core.package_identification:_identify(src/yapping) by extensions ['ros']
[0.368s] Level 1:colcon.colcon_core.package_identification:_identify(src/yapping) by extension 'ros'
[0.371s] DEBUG:colcon.colcon_core.package_identification:Package 'src/yapping' with type 'ros.ament_cmake' and name 'yapping'
[0.371s] Level 1:colcon.colcon_core.package_discovery:discover_packages(recursive) using defaults
[0.371s] Level 1:colcon.colcon_core.package_discovery:discover_packages(ignore) discover
[0.371s] Level 1:colcon.colcon_core.package_discovery:discover_packages(ignore) using defaults
[0.371s] Level 1:colcon.colcon_core.package_discovery:discover_packages(path) discover
[0.371s] Level 1:colcon.colcon_core.package_discovery:discover_packages(path) using defaults
[0.393s] Level 1:colcon.colcon_core.package_discovery:discover_packages(prefix_path) check parameters
[0.393s] Level 1:colcon.colcon_core.package_discovery:discover_packages(prefix_path) discover
[0.395s] WARNING:colcon.colcon_ros.prefix_path.ament:The path '/home/zahran/GitHub/CaRSC26_13624029_THT/ros2_ws/install/yapping' in the environment variable AMENT_PREFIX_PATH doesn't exist
[0.395s] WARNING:colcon.colcon_ros.prefix_path.catkin:The path '/home/zahran/GitHub/CaRSC26_13624029_THT/ros2_ws/install/yapping' in the environment variable CMAKE_PREFIX_PATH doesn't exist
[0.396s] DEBUG:colcon.colcon_installed_package_information.package_discovery:Found 0 installed packages in /home/zahran/GitHub/CaRSC26_13624029_THT/ros2_ws/install
[0.398s] DEBUG:colcon.colcon_installed_package_information.package_discovery:Found 272 installed packages in /opt/ros/humble
[0.399s] Level 1:colcon.colcon_core.package_discovery:discover_packages(prefix_path) using defaults
[0.436s] Level 5:colcon.colcon_core.verb:set package 'yapping' build argument 'cmake_args' from command line to 'None'
[0.436s] Level 5:colcon.colcon_core.verb:set package 'yapping' build argument 'cmake_target' from command line to 'None'
[0.436s] Level 5:colcon.colcon_core.verb:set package 'yapping' build argument 'cmake_target_skip_unavailable' from command line to 'False'
[0.436s] Level 5:colcon.colcon_core.verb:set package 'yapping' build argument 'cmake_clean_cache' from command line to 'False'
[0.436s] Level 5:colcon.colcon_core.verb:set package 'yapping' build argument 'cmake_clean_first' from command line to 'False'
[0.436s] Level 5:colcon.colcon_core.verb:set package 'yapping' build argument 'cmake_force_configure' from command line to 'False'
[0.436s] Level 5:colcon.colcon_core.verb:set package 'yapping' build argument 'ament_cmake_args' from command line to 'None'
[0.436s] Level 5:colcon.colcon_core.verb:set package 'yapping' build argument 'catkin_cmake_args' from command line to 'None'
[0.436s] Level 5:colcon.colcon_core.verb:set package 'yapping' build argument 'catkin_skip_building_tests' from command line to 'False'
[0.436s] DEBUG:colcon.colcon_core.verb:Building package 'yapping' with the following arguments: {'ament_cmake_args': None, 'build_base': '/home/zahran/GitHub/CaRSC26_13624029_THT/ros2_ws/build/yapping', 'catkin_cmake_args': None, 'catkin_skip_building_tests': False, 'cmake_args': None, 'cmake_clean_cache': False, 'cmake_clean_first': False, 'cmake_force_configure': False, 'cmake_target': None, 'cmake_target_skip_unavailable': False, 'install_base': '/home/zahran/GitHub/CaRSC26_13624029_THT/ros2_ws/install/yapping', 'merge_install': False, 'path': '/home/zahran/GitHub/CaRSC26_13624029_THT/ros2_ws/src/yapping', 'symlink_install': False, 'test_result_base': None}
[0.436s] INFO:colcon.colcon_core.executor:Executing jobs using 'parallel' executor
[0.438s] DEBUG:colcon.colcon_parallel_executor.executor.parallel:run_until_complete
[0.438s] INFO:colcon.colcon_ros.task.ament_cmake.build:Building ROS package in '/home/zahran/GitHub/CaRSC26_13624029_THT/ros2_ws/src/yapping' with build type 'ament_cmake'
[0.439s] INFO:colcon.colcon_cmake.task.cmake.build:Building CMake package in '/home/zahran/GitHub/CaRSC26_13624029_THT/ros2_ws/src/yapping'
[0.446s] INFO:colcon.colcon_core.plugin_system:Skipping extension 'colcon_core.shell.bat': Not used on non-Windows systems
[0.446s] INFO:colcon.colcon_core.shell:Skip shell extension 'powershell' for command environment: Not usable outside of PowerShell
[0.446s] DEBUG:colcon.colcon_core.shell:Skip shell extension 'dsv' for command environment
[0.457s] DEBUG:colcon.colcon_core.event_handler.log_command:Invoking command in '/home/zahran/GitHub/CaRSC26_13624029_THT/ros2_ws/build/yapping': CMAKE_PREFIX_PATH=${CMAKE_PREFIX_PATH}:/opt/ros/humble /usr/bin/cmake /home/zahran/GitHub/CaRSC26_13624029_THT/ros2_ws/src/yapping -DCMAKE_INSTALL_PREFIX=/home/zahran/GitHub/CaRSC26_13624029_THT/ros2_ws/install/yapping
[3.709s] DEBUG:colcon.colcon_core.event_handler.log_command:Invoked command in '/home/zahran/GitHub/CaRSC26_13624029_THT/ros2_ws/build/yapping' returned '0': CMAKE_PREFIX_PATH=${CMAKE_PREFIX_PATH}:/opt/ros/humble /usr/bin/cmake /home/zahran/GitHub/CaRSC26_13624029_THT/ros2_ws/src/yapping -DCMAKE_INSTALL_PREFIX=/home/zahran/GitHub/CaRSC26_13624029_THT/ros2_ws/install/yapping
[3.710s] DEBUG:colcon.colcon_core.event_handler.log_command:Invoking command in '/home/zahran/GitHub/CaRSC26_13624029_THT/ros2_ws/build/yapping': CMAKE_PREFIX_PATH=${CMAKE_PREFIX_PATH}:/opt/ros/humble /usr/bin/cmake --build /home/zahran/GitHub/CaRSC26_13624029_THT/ros2_ws/build/yapping -- -j16 -l16
[10.758s] DEBUG:colcon.colcon_core.event_handler.log_command:Invoked command in '/home/zahran/GitHub/CaRSC26_13624029_THT/ros2_ws/build/yapping' returned '0': CMAKE_PREFIX_PATH=${CMAKE_PREFIX_PATH}:/opt/ros/humble /usr/bin/cmake --build /home/zahran/GitHub/CaRSC26_13624029_THT/ros2_ws/build/yapping -- -j16 -l16
[10.769s] DEBUG:colcon.colcon_core.event_handler.log_command:Invoking command in '/home/zahran/GitHub/CaRSC26_13624029_THT/ros2_ws/build/yapping': CMAKE_PREFIX_PATH=${CMAKE_PREFIX_PATH}:/opt/ros/humble /usr/bin/cmake --install /home/zahran/GitHub/CaRSC26_13624029_THT/ros2_ws/build/yapping
[10.793s] Level 1:colcon.colcon_core.environment:create_environment_scripts_only(yapping)
[10.794s] DEBUG:colcon.colcon_core.event_handler.log_command:Invoked command in '/home/zahran/GitHub/CaRSC26_13624029_THT/ros2_ws/build/yapping' returned '0': CMAKE_PREFIX_PATH=${CMAKE_PREFIX_PATH}:/opt/ros/humble /usr/bin/cmake --install /home/zahran/GitHub/CaRSC26_13624029_THT/ros2_ws/build/yapping
[10.799s] Level 1:colcon.colcon_core.environment:checking '/home/zahran/GitHub/CaRSC26_13624029_THT/ros2_ws/install/yapping' for CMake module files
[10.799s] Level 1:colcon.colcon_core.environment:checking '/home/zahran/GitHub/CaRSC26_13624029_THT/ros2_ws/install/yapping' for CMake config files
[10.799s] Level 1:colcon.colcon_core.shell:create_environment_hook('yapping', 'cmake_prefix_path')
[10.800s] INFO:colcon.colcon_core.shell:Creating environment hook '/home/zahran/GitHub/CaRSC26_13624029_THT/ros2_ws/install/yapping/share/yapping/hook/cmake_prefix_path.ps1'
[10.801s] INFO:colcon.colcon_core.shell:Creating environment descriptor '/home/zahran/GitHub/CaRSC26_13624029_THT/ros2_ws/install/yapping/share/yapping/hook/cmake_prefix_path.dsv'
[10.801s] INFO:colcon.colcon_core.shell:Creating environment hook '/home/zahran/GitHub/CaRSC26_13624029_THT/ros2_ws/install/yapping/share/yapping/hook/cmake_prefix_path.sh'
[10.802s] Level 1:colcon.colcon_core.environment:checking '/home/zahran/GitHub/CaRSC26_13624029_THT/ros2_ws/install/yapping/lib'
[10.802s] Level 1:colcon.colcon_core.environment:checking '/home/zahran/GitHub/CaRSC26_13624029_THT/ros2_ws/install/yapping/bin'
[10.802s] Level 1:colcon.colcon_core.environment:checking '/home/zahran/GitHub/CaRSC26_13624029_THT/ros2_ws/install/yapping/lib/pkgconfig/yapping.pc'
[10.802s] Level 1:colcon.colcon_core.environment:checking '/home/zahran/GitHub/CaRSC26_13624029_THT/ros2_ws/install/yapping/lib/python3.10/site-packages'
[10.803s] Level 1:colcon.colcon_core.environment:checking '/home/zahran/GitHub/CaRSC26_13624029_THT/ros2_ws/install/yapping/bin'
[10.803s] INFO:colcon.colcon_core.shell:Creating package script '/home/zahran/GitHub/CaRSC26_13624029_THT/ros2_ws/install/yapping/share/yapping/package.ps1'
[10.804s] INFO:colcon.colcon_core.shell:Creating package descriptor '/home/zahran/GitHub/CaRSC26_13624029_THT/ros2_ws/install/yapping/share/yapping/package.dsv'
[10.804s] INFO:colcon.colcon_core.shell:Creating package script '/home/zahran/GitHub/CaRSC26_13624029_THT/ros2_ws/install/yapping/share/yapping/package.sh'
[10.805s] INFO:colcon.colcon_core.shell:Creating package script '/home/zahran/GitHub/CaRSC26_13624029_THT/ros2_ws/install/yapping/share/yapping/package.bash'
[10.806s] INFO:colcon.colcon_core.shell:Creating package script '/home/zahran/GitHub/CaRSC26_13624029_THT/ros2_ws/install/yapping/share/yapping/package.zsh'
[10.806s] Level 1:colcon.colcon_core.environment:create_file_with_runtime_dependencies(/home/zahran/GitHub/CaRSC26_13624029_THT/ros2_ws/install/yapping/share/colcon-core/packages/yapping)
[10.807s] Level 1:colcon.colcon_core.environment:create_environment_scripts_only(yapping)
[10.808s] Level 1:colcon.colcon_core.environment:checking '/home/zahran/GitHub/CaRSC26_13624029_THT/ros2_ws/install/yapping' for CMake module files
[10.808s] Level 1:colcon.colcon_core.environment:checking '/home/zahran/GitHub/CaRSC26_13624029_THT/ros2_ws/install/yapping' for CMake config files
[10.808s] Level 1:colcon.colcon_core.shell:create_environment_hook('yapping', 'cmake_prefix_path')
[10.808s] INFO:colcon.colcon_core.shell:Creating environment hook '/home/zahran/GitHub/CaRSC26_13624029_THT/ros2_ws/install/yapping/share/yapping/hook/cmake_prefix_path.ps1'
[10.809s] INFO:colcon.colcon_core.shell:Creating environment descriptor '/home/zahran/GitHub/CaRSC26_13624029_THT/ros2_ws/install/yapping/share/yapping/hook/cmake_prefix_path.dsv'
[10.809s] INFO:colcon.colcon_core.shell:Creating environment hook '/home/zahran/GitHub/CaRSC26_13624029_THT/ros2_ws/install/yapping/share/yapping/hook/cmake_prefix_path.sh'
[10.809s] Level 1:colcon.colcon_core.environment:checking '/home/zahran/GitHub/CaRSC26_13624029_THT/ros2_ws/install/yapping/lib'
[10.810s] Level 1:colcon.colcon_core.environment:checking '/home/zahran/GitHub/CaRSC26_13624029_THT/ros2_ws/install/yapping/bin'
[10.810s] Level 1:colcon.colcon_core.environment:checking '/home/zahran/GitHub/CaRSC26_13624029_THT/ros2_ws/install/yapping/lib/pkgconfig/yapping.pc'
[10.810s] Level 1:colcon.colcon_core.environment:checking '/home/zahran/GitHub/CaRSC26_13624029_THT/ros2_ws/install/yapping/lib/python3.10/site-packages'
[10.810s] Level 1:colcon.colcon_core.environment:checking '/home/zahran/GitHub/CaRSC26_13624029_THT/ros2_ws/install/yapping/bin'
[10.810s] INFO:colcon.colcon_core.shell:Creating package script '/home/zahran/GitHub/CaRSC26_13624029_THT/ros2_ws/install/yapping/share/yapping/package.ps1'
[10.811s] INFO:colcon.colcon_core.shell:Creating package descriptor '/home/zahran/GitHub/CaRSC26_13624029_THT/ros2_ws/install/yapping/share/yapping/package.dsv'
[10.811s] INFO:colcon.colcon_core.shell:Creating package script '/home/zahran/GitHub/CaRSC26_13624029_THT/ros2_ws/install/yapping/share/yapping/package.sh'
[10.811s] INFO:colcon.colcon_core.shell:Creating package script '/home/zahran/GitHub/CaRSC26_13624029_THT/ros2_ws/install/yapping/share/yapping/package.bash'
[10.812s] INFO:colcon.colcon_core.shell:Creating package script '/home/zahran/GitHub/CaRSC26_13624029_THT/ros2_ws/install/yapping/share/yapping/package.zsh'
[10.812s] Level 1:colcon.colcon_core.environment:create_file_with_runtime_dependencies(/home/zahran/GitHub/CaRSC26_13624029_THT/ros2_ws/install/yapping/share/colcon-core/packages/yapping)
[10.812s] DEBUG:colcon.colcon_parallel_executor.executor.parallel:closing loop
[10.813s] DEBUG:colcon.colcon_parallel_executor.executor.parallel:loop closed
[10.813s] DEBUG:colcon.colcon_parallel_executor.executor.parallel:run_until_complete finished with '0'
[10.813s] DEBUG:colcon.colcon_core.event_reactor:joining thread
[10.835s] INFO:colcon.colcon_core.plugin_system:Skipping extension 'colcon_notification.desktop_notification.notify_send': Could not find 'notify-send'
[10.835s] INFO:colcon.colcon_core.plugin_system:Skipping extension 'colcon_notification.desktop_notification.terminal_notifier': Not used on non-Darwin systems
[10.835s] INFO:colcon.colcon_core.plugin_system:Skipping extension 'colcon_notification.desktop_notification.win32': Not used on non-Windows systems
[10.835s] INFO:colcon.colcon_notification.desktop_notification:Sending desktop notification using 'notify2'
[10.836s] DEBUG:colcon.colcon_notification.desktop_notification.notify2:Failed to initialize notify2: org.freedesktop.DBus.Error.FileNotFound: Failed to connect to socket /run/user/1000/bus: No such file or directory
[10.836s] DEBUG:colcon.colcon_core.event_reactor:joined thread
[10.836s] INFO:colcon.colcon_core.shell:Creating prefix script '/home/zahran/GitHub/CaRSC26_13624029_THT/ros2_ws/install/local_setup.ps1'
[10.837s] INFO:colcon.colcon_core.shell:Creating prefix util module '/home/zahran/GitHub/CaRSC26_13624029_THT/ros2_ws/install/_local_setup_util_ps1.py'
[10.838s] INFO:colcon.colcon_core.shell:Creating prefix chain script '/home/zahran/GitHub/CaRSC26_13624029_THT/ros2_ws/install/setup.ps1'
[10.839s] INFO:colcon.colcon_core.shell:Creating prefix script '/home/zahran/GitHub/CaRSC26_13624029_THT/ros2_ws/install/local_setup.sh'
[10.840s] INFO:colcon.colcon_core.shell:Creating prefix util module '/home/zahran/GitHub/CaRSC26_13624029_THT/ros2_ws/install/_local_setup_util_sh.py'
[10.840s] INFO:colcon.colcon_core.shell:Creating prefix chain script '/home/zahran/GitHub/CaRSC26_13624029_THT/ros2_ws/install/setup.sh'
[10.841s] INFO:colcon.colcon_core.shell:Creating prefix script '/home/zahran/GitHub/CaRSC26_13624029_THT/ros2_ws/install/local_setup.bash'
[10.841s] INFO:colcon.colcon_core.shell:Creating prefix chain script '/home/zahran/GitHub/CaRSC26_13624029_THT/ros2_ws/install/setup.bash'
[10.842s] INFO:colcon.colcon_core.shell:Creating prefix script '/home/zahran/GitHub/CaRSC26_13624029_THT/ros2_ws/install/local_setup.zsh'
[10.843s] INFO:colcon.colcon_core.shell:Creating prefix chain script '/home/zahran/GitHub/CaRSC26_13624029_THT/ros2_ws/install/setup.zsh'
