[0.017s] Invoking command in '/home/zahran/GitHub/CaRSC26_13624029_THT/ros2_ws/build/yapping': CMAKE_PREFIX_PATH=${CMAKE_PREFIX_PATH}:/opt/ros/humble /usr/bin/cmake /home/zahran/GitHub/CaRSC26_13624029_THT/ros2_ws/src/yapping -DCMAKE_INSTALL_PREFIX=/home/zahran/GitHub/CaRSC26_13624029_THT/ros2_ws/install/yapping
[0.184s] -- The C compiler identification is GNU 11.4.0
[0.414s] -- The CXX compiler identification is GNU 11.4.0
[0.525s] -- Detecting C compiler ABI info
[0.623s] -- Detecting C compiler ABI info - done
[0.627s] -- Check for working C compiler: /usr/bin/cc - skipped
[0.628s] -- Detecting C compile features
[0.628s] -- Detecting C compile features - done
[0.632s] -- Detecting CXX compiler ABI info
[0.733s] -- Detecting CXX compiler ABI info - done
[0.738s] -- Check for working CXX compiler: /usr/bin/c++ - skipped
[0.738s] -- Detecting CXX compile features
[0.738s] -- Detecting CXX compile features - done
[0.754s] -- Found ament_cmake: 1.3.12 (/opt/ros/humble/share/ament_cmake/cmake)
[0.873s] -- Found Python3: /usr/bin/python3 (found version "3.10.12") found components: Interpreter 
[0.957s] -- Found rclcpp: 16.0.17 (/opt/ros/humble/share/rclcpp/cmake)
[1.054s] -- Found rosidl_generator_c: 3.1.8 (/opt/ros/humble/share/rosidl_generator_c/cmake)
[1.059s] -- Found rosidl_adapter: 3.1.8 (/opt/ros/humble/share/rosidl_adapter/cmake)
[1.068s] -- Found rosidl_generator_cpp: 3.1.8 (/opt/ros/humble/share/rosidl_generator_cpp/cmake)
[1.082s] -- Using all available rosidl_typesupport_c: rosidl_typesupport_fastrtps_c;rosidl_typesupport_introspection_c
[1.099s] -- Using all available rosidl_typesupport_cpp: rosidl_typesupport_fastrtps_cpp;rosidl_typesupport_introspection_cpp
[1.145s] -- Found rmw_implementation_cmake: 6.1.2 (/opt/ros/humble/share/rmw_implementation_cmake/cmake)
[1.148s] -- Found rmw_fastrtps_cpp: 6.2.9 (/opt/ros/humble/share/rmw_fastrtps_cpp/cmake)
[1.627s] -- Found OpenSSL: /usr/lib/x86_64-linux-gnu/libcrypto.so (found version "3.0.2")  
[2.082s] -- Found FastRTPS: /opt/ros/humble/include  
[2.911s] -- Using RMW implementation 'rmw_fastrtps_cpp' as default
[2.929s] -- Looking for pthread.h
[3.032s] -- Looking for pthread.h - found
[3.032s] -- Performing Test CMAKE_HAVE_LIBC_PTHREAD
[3.119s] -- Performing Test CMAKE_HAVE_LIBC_PTHREAD - Success
[3.120s] -- Found Threads: TRUE  
[3.170s] -- Found ament_lint_auto: 0.12.14 (/opt/ros/humble/share/ament_lint_auto/cmake)
[3.235s] -- Added test 'cppcheck' to perform static code analysis on C / C++ code
[3.236s] -- Configured cppcheck include dirs: 
[3.236s] -- Configured cppcheck exclude dirs and/or files: 
[3.237s] -- Added test 'lint_cmake' to check CMake code style
[3.238s] -- Added test 'uncrustify' to check C / C++ code style
[3.238s] -- Configured uncrustify additional arguments: 
[3.239s] -- Added test 'xmllint' to check XML markup files
[3.241s] -- Configuring done
[3.256s] -- Generating done
[3.260s] -- Build files have been written to: /home/zahran/GitHub/CaRSC26_13624029_THT/ros2_ws/build/yapping
[3.268s] Invoked command in '/home/zahran/GitHub/CaRSC26_13624029_THT/ros2_ws/build/yapping' returned '0': CMAKE_PREFIX_PATH=${CMAKE_PREFIX_PATH}:/opt/ros/humble /usr/bin/cmake /home/zahran/GitHub/CaRSC26_13624029_THT/ros2_ws/src/yapping -DCMAKE_INSTALL_PREFIX=/home/zahran/GitHub/CaRSC26_13624029_THT/ros2_ws/install/yapping
[3.270s] Invoking command in '/home/zahran/GitHub/CaRSC26_13624029_THT/ros2_ws/build/yapping': CMAKE_PREFIX_PATH=${CMAKE_PREFIX_PATH}:/opt/ros/humble /usr/bin/cmake --build /home/zahran/GitHub/CaRSC26_13624029_THT/ros2_ws/build/yapping -- -j16 -l16
[3.315s] [ 25%] [32mBuilding CXX object CMakeFiles/talker.dir/src/clock.cpp.o[0m
[3.315s] [ 50%] [32mBuilding CXX object CMakeFiles/listener.dir/src/watch.cpp.o[0m
[7.175s] [ 75%] [32m[1mLinking CXX executable talker[0m
[7.397s] [ 75%] Built target talker
[10.013s] [100%] [32m[1mLinking CXX executable listener[0m
[10.305s] [100%] Built target listener
[10.318s] Invoked command in '/home/zahran/GitHub/CaRSC26_13624029_THT/ros2_ws/build/yapping' returned '0': CMAKE_PREFIX_PATH=${CMAKE_PREFIX_PATH}:/opt/ros/humble /usr/bin/cmake --build /home/zahran/GitHub/CaRSC26_13624029_THT/ros2_ws/build/yapping -- -j16 -l16
[10.330s] Invoking command in '/home/zahran/GitHub/CaRSC26_13624029_THT/ros2_ws/build/yapping': CMAKE_PREFIX_PATH=${CMAKE_PREFIX_PATH}:/opt/ros/humble /usr/bin/cmake --install /home/zahran/GitHub/CaRSC26_13624029_THT/ros2_ws/build/yapping
[10.338s] -- Install configuration: ""
[10.340s] -- Installing: /home/zahran/GitHub/CaRSC26_13624029_THT/ros2_ws/install/yapping/lib/yapping/talker
[10.342s] -- Set runtime path of "/home/zahran/GitHub/CaRSC26_13624029_THT/ros2_ws/install/yapping/lib/yapping/talker" to ""
[10.342s] -- Installing: /home/zahran/GitHub/CaRSC26_13624029_THT/ros2_ws/install/yapping/lib/yapping/listener
[10.347s] -- Set runtime path of "/home/zahran/GitHub/CaRSC26_13624029_THT/ros2_ws/install/yapping/lib/yapping/listener" to ""
[10.348s] -- Installing: /home/zahran/GitHub/CaRSC26_13624029_THT/ros2_ws/install/yapping/share/ament_index/resource_index/package_run_dependencies/yapping
[10.348s] -- Installing: /home/zahran/GitHub/CaRSC26_13624029_THT/ros2_ws/install/yapping/share/ament_index/resource_index/parent_prefix_path/yapping
[10.349s] -- Installing: /home/zahran/GitHub/CaRSC26_13624029_THT/ros2_ws/install/yapping/share/yapping/environment/ament_prefix_path.sh
[10.349s] -- Installing: /home/zahran/GitHub/CaRSC26_13624029_THT/ros2_ws/install/yapping/share/yapping/environment/ament_prefix_path.dsv
[10.350s] -- Installing: /home/zahran/GitHub/CaRSC26_13624029_THT/ros2_ws/install/yapping/share/yapping/environment/path.sh
[10.350s] -- Installing: /home/zahran/GitHub/CaRSC26_13624029_THT/ros2_ws/install/yapping/share/yapping/environment/path.dsv
[10.350s] -- Installing: /home/zahran/GitHub/CaRSC26_13624029_THT/ros2_ws/install/yapping/share/yapping/local_setup.bash
[10.350s] -- Installing: /home/zahran/GitHub/CaRSC26_13624029_THT/ros2_ws/install/yapping/share/yapping/local_setup.sh
[10.351s] -- Installing: /home/zahran/GitHub/CaRSC26_13624029_THT/ros2_ws/install/yapping/share/yapping/local_setup.zsh
[10.351s] -- Installing: /home/zahran/GitHub/CaRSC26_13624029_THT/ros2_ws/install/yapping/share/yapping/local_setup.dsv
[10.351s] -- Installing: /home/zahran/GitHub/CaRSC26_13624029_THT/ros2_ws/install/yapping/share/yapping/package.dsv
[10.351s] -- Installing: /home/zahran/GitHub/CaRSC26_13624029_THT/ros2_ws/install/yapping/share/ament_index/resource_index/packages/yapping
[10.352s] -- Installing: /home/zahran/GitHub/CaRSC26_13624029_THT/ros2_ws/install/yapping/share/yapping/cmake/yappingConfig.cmake
[10.352s] -- Installing: /home/zahran/GitHub/CaRSC26_13624029_THT/ros2_ws/install/yapping/share/yapping/cmake/yappingConfig-version.cmake
[10.352s] -- Installing: /home/zahran/GitHub/CaRSC26_13624029_THT/ros2_ws/install/yapping/share/yapping/package.xml
[10.355s] Invoked command in '/home/zahran/GitHub/CaRSC26_13624029_THT/ros2_ws/build/yapping' returned '0': CMAKE_PREFIX_PATH=${CMAKE_PREFIX_PATH}:/opt/ros/humble /usr/bin/cmake --install /home/zahran/GitHub/CaRSC26_13624029_THT/ros2_ws/build/yapping
