[0.011s] Invoking command in '/home/zahran/GitHub/CaRSC26_13624029_THT/ros2_ws/build/yapping': /usr/bin/cmake --build /home/zahran/GitHub/CaRSC26_13624029_THT/ros2_ws/build/yapping -- -j16 -l16
[0.052s] [35m[1mConsolidate compiler generated dependencies of target talker[0m
[0.052s] [35m[1mConsolidate compiler generated dependencies of target listener[0m
[0.069s] [100%] Built target talker
[0.069s] [100%] Built target listener
[0.079s] Invoked command in '/home/zahran/GitHub/CaRSC26_13624029_THT/ros2_ws/build/yapping' returned '0': /usr/bin/cmake --build /home/zahran/GitHub/CaRSC26_13624029_THT/ros2_ws/build/yapping -- -j16 -l16
[0.089s] Invoking command in '/home/zahran/GitHub/CaRSC26_13624029_THT/ros2_ws/build/yapping': /usr/bin/cmake --install /home/zahran/GitHub/CaRSC26_13624029_THT/ros2_ws/build/yapping
[0.095s] -- Install configuration: ""
[0.095s] -- Up-to-date: /home/zahran/GitHub/CaRSC26_13624029_THT/ros2_ws/install/yapping/lib/yapping/talker
[0.095s] -- Up-to-date: /home/zahran/GitHub/CaRSC26_13624029_THT/ros2_ws/install/yapping/lib/yapping/listener
[0.095s] -- Up-to-date: /home/zahran/GitHub/CaRSC26_13624029_THT/ros2_ws/install/yapping/share/ament_index/resource_index/package_run_dependencies/yapping
[0.096s] -- Up-to-date: /home/zahran/GitHub/CaRSC26_13624029_THT/ros2_ws/install/yapping/share/ament_index/resource_index/parent_prefix_path/yapping
[0.096s] -- Up-to-date: /home/zahran/GitHub/CaRSC26_13624029_THT/ros2_ws/install/yapping/share/yapping/environment/ament_prefix_path.sh
[0.096s] -- Up-to-date: /home/zahran/GitHub/CaRSC26_13624029_THT/ros2_ws/install/yapping/share/yapping/environment/ament_prefix_path.dsv
[0.096s] -- Up-to-date: /home/zahran/GitHub/CaRSC26_13624029_THT/ros2_ws/install/yapping/share/yapping/environment/path.sh
[0.096s] -- Up-to-date: /home/zahran/GitHub/CaRSC26_13624029_THT/ros2_ws/install/yapping/share/yapping/environment/path.dsv
[0.096s] -- Up-to-date: /home/zahran/GitHub/CaRSC26_13624029_THT/ros2_ws/install/yapping/share/yapping/local_setup.bash
[0.096s] -- Up-to-date: /home/zahran/GitHub/CaRSC26_13624029_THT/ros2_ws/install/yapping/share/yapping/local_setup.sh
[0.097s] -- Up-to-date: /home/zahran/GitHub/CaRSC26_13624029_THT/ros2_ws/install/yapping/share/yapping/local_setup.zsh
[0.097s] -- Up-to-date: /home/zahran/GitHub/CaRSC26_13624029_THT/ros2_ws/install/yapping/share/yapping/local_setup.dsv
[0.097s] -- Installing: /home/zahran/GitHub/CaRSC26_13624029_THT/ros2_ws/install/yapping/share/yapping/package.dsv
[0.097s] -- Up-to-date: /home/zahran/GitHub/CaRSC26_13624029_THT/ros2_ws/install/yapping/share/ament_index/resource_index/packages/yapping
[0.097s] -- Up-to-date: /home/zahran/GitHub/CaRSC26_13624029_THT/ros2_ws/install/yapping/share/yapping/cmake/yappingConfig.cmake
[0.097s] -- Up-to-date: /home/zahran/GitHub/CaRSC26_13624029_THT/ros2_ws/install/yapping/share/yapping/cmake/yappingConfig-version.cmake
[0.097s] -- Up-to-date: /home/zahran/GitHub/CaRSC26_13624029_THT/ros2_ws/install/yapping/share/yapping/package.xml
[0.098s] Invoked command in '/home/zahran/GitHub/CaRSC26_13624029_THT/ros2_ws/build/yapping' returned '0': /usr/bin/cmake --install /home/zahran/GitHub/CaRSC26_13624029_THT/ros2_ws/build/yapping
